<?xml version="1.0" encoding="UTF-8"?>
<!-- Generated by org.testng.reporters.JUnitXMLReporter -->
<testsuite ignored="0" hostname="AMIT" failures="2" tests="4" name="Edge Browser Test" time="50.124" errors="0" timestamp="2022-06-28T19:17:11 IST">
  <testcase classname="testCases.TC_AddCustomer_001" name="addNewCustomer" time="6.255"/>
  <testcase classname="testCases.TC_AddTariffPlan_002" name="addTariffPlanInfo" time="8.515"/>
  <testcase classname="testCases.TC_AddTariffPlantoCustomer_003" name="addTariffPlantoCustomer" time="3.555">
    <failure type="org.openqa.selenium.WebDriverException" message="unknown error: cannot determine loading status
from unknown error: unexpected command response
  (Session info: MicrosoftEdge=103.0.1264.37)
Build info: version: &amp;apos;4.1.3&amp;apos;, revision: &amp;apos;7b1ebf28ef&amp;apos;
System info: host: &amp;apos;AMIT&amp;apos;, ip: &amp;apos;192.168.0.102&amp;apos;, os.name: &amp;apos;Windows 11&amp;apos;, os.arch: &amp;apos;amd64&amp;apos;, os.version: &amp;apos;10.0&amp;apos;, java.version: &amp;apos;18&amp;apos;
Driver info: org.openqa.selenium.edge.EdgeDriver
Command: [701dd26943862f6004ea198c6823da95, screenshot {}]
Capabilities {acceptInsecureCerts: false, browserName: msedge, browserVersion: 103.0.1264.37, javascriptEnabled: true, ms:edgeOptions: {debuggerAddress: localhost:51121}, msedge: {msedgedriverVersion: 103.0.1264.37 (e3a6d3b5b3c3..., userDataDir: C:\Users\AMIT123\AppData\Lo...}, networkConnectionEnabled: false, pageLoadStrategy: normal, platform: WINDOWS, platformName: WINDOWS, proxy: Proxy(), se:cdp: ws://localhost:51121/devtoo..., se:cdpVersion: 103.0.1264.37, setWindowRect: true, strictFileInteractability: false, timeouts: {implicit: 0, pageLoad: 300000, script: 30000}, unhandledPromptBehavior: dismiss and notify, webauthn:extension:credBlob: true, webauthn:extension:largeBlob: true, webauthn:virtualAuthenticators: true}
Session ID: 701dd26943862f6004ea198c6823da95">
      <![CDATA[org.openqa.selenium.WebDriverException: unknown error: cannot determine loading status
from unknown error: unexpected command response
  (Session info: MicrosoftEdge=103.0.1264.37)
Build info: version: '4.1.3', revision: '7b1ebf28ef'
System info: host: 'AMIT', ip: '192.168.0.102', os.name: 'Windows 11', os.arch: 'amd64', os.version: '10.0', java.version: '18'
Driver info: org.openqa.selenium.edge.EdgeDriver
Command: [701dd26943862f6004ea198c6823da95, screenshot {}]
Capabilities {acceptInsecureCerts: false, browserName: msedge, browserVersion: 103.0.1264.37, javascriptEnabled: true, ms:edgeOptions: {debuggerAddress: localhost:51121}, msedge: {msedgedriverVersion: 103.0.1264.37 (e3a6d3b5b3c3..., userDataDir: C:\Users\AMIT123\AppData\Lo...}, networkConnectionEnabled: false, pageLoadStrategy: normal, platform: WINDOWS, platformName: WINDOWS, proxy: Proxy(), se:cdp: ws://localhost:51121/devtoo..., se:cdpVersion: 103.0.1264.37, setWindowRect: true, strictFileInteractability: false, timeouts: {implicit: 0, pageLoad: 300000, script: 30000}, unhandledPromptBehavior: dismiss and notify, webauthn:extension:credBlob: true, webauthn:extension:largeBlob: true, webauthn:virtualAuthenticators: true}
Session ID: 701dd26943862f6004ea198c6823da95
at org.openqa.selenium.remote.codec.w3c.W3CHttpResponseCodec.createException(W3CHttpResponseCodec.java:200)
at org.openqa.selenium.remote.codec.w3c.W3CHttpResponseCodec.decode(W3CHttpResponseCodec.java:133)
at org.openqa.selenium.remote.codec.w3c.W3CHttpResponseCodec.decode(W3CHttpResponseCodec.java:53)
at org.openqa.selenium.remote.HttpCommandExecutor.execute(HttpCommandExecutor.java:184)
at org.openqa.selenium.remote.service.DriverCommandExecutor.invokeExecute(DriverCommandExecutor.java:167)
at org.openqa.selenium.remote.service.DriverCommandExecutor.execute(DriverCommandExecutor.java:142)
at org.openqa.selenium.remote.RemoteWebDriver.execute(RemoteWebDriver.java:567)
at org.openqa.selenium.remote.RemoteWebDriver.execute(RemoteWebDriver.java:622)
at org.openqa.selenium.remote.RemoteWebDriver.execute(RemoteWebDriver.java:626)
at org.openqa.selenium.remote.RemoteWebDriver.getScreenshotAs(RemoteWebDriver.java:351)
at base.BaseClass.capturescreen(BaseClass.java:82)
at utilities.Report.onTestFailure(Report.java:74)
at java.base/java.util.ArrayList.forEach(ArrayList.java:1511)
... Removed 27 stack frames]]>
    </failure>
  </testcase> <!-- addTariffPlantoCustomer -->
  <testcase classname="testCases.TC_PayBilling_004" name="PayBillingStatus" time="3.563">
    <failure type="org.openqa.selenium.WebDriverException" message="unknown error: cannot determine loading status
from unknown error: unexpected command response
  (Session info: MicrosoftEdge=103.0.1264.37)
Build info: version: &amp;apos;4.1.3&amp;apos;, revision: &amp;apos;7b1ebf28ef&amp;apos;
System info: host: &amp;apos;AMIT&amp;apos;, ip: &amp;apos;192.168.0.102&amp;apos;, os.name: &amp;apos;Windows 11&amp;apos;, os.arch: &amp;apos;amd64&amp;apos;, os.version: &amp;apos;10.0&amp;apos;, java.version: &amp;apos;18&amp;apos;
Driver info: org.openqa.selenium.edge.EdgeDriver
Command: [7a9fecbdea8a687c415ed6dbe5e5fdbd, clickElement {id=4fc886f3-afe7-4cfb-a1b5-360bbb6b333c}]
Capabilities {acceptInsecureCerts: false, browserName: msedge, browserVersion: 103.0.1264.37, javascriptEnabled: true, ms:edgeOptions: {debuggerAddress: localhost:51242}, msedge: {msedgedriverVersion: 103.0.1264.37 (e3a6d3b5b3c3..., userDataDir: C:\Users\AMIT123\AppData\Lo...}, networkConnectionEnabled: false, pageLoadStrategy: normal, platform: WINDOWS, platformName: WINDOWS, proxy: Proxy(), se:cdp: ws://localhost:51242/devtoo..., se:cdpVersion: 103.0.1264.37, setWindowRect: true, strictFileInteractability: false, timeouts: {implicit: 0, pageLoad: 300000, script: 30000}, unhandledPromptBehavior: dismiss and notify, webauthn:extension:credBlob: true, webauthn:extension:largeBlob: true, webauthn:virtualAuthenticators: true}
Element: [[EdgeDriver: msedge on WINDOWS (7a9fecbdea8a687c415ed6dbe5e5fdbd)] -&amp;gt; xpath: //input[@name=&amp;apos;submit&amp;apos;]]
Session ID: 7a9fecbdea8a687c415ed6dbe5e5fdbd">
      <![CDATA[org.openqa.selenium.WebDriverException: unknown error: cannot determine loading status
from unknown error: unexpected command response
  (Session info: MicrosoftEdge=103.0.1264.37)
Build info: version: '4.1.3', revision: '7b1ebf28ef'
System info: host: 'AMIT', ip: '192.168.0.102', os.name: 'Windows 11', os.arch: 'amd64', os.version: '10.0', java.version: '18'
Driver info: org.openqa.selenium.edge.EdgeDriver
Command: [7a9fecbdea8a687c415ed6dbe5e5fdbd, clickElement {id=4fc886f3-afe7-4cfb-a1b5-360bbb6b333c}]
Capabilities {acceptInsecureCerts: false, browserName: msedge, browserVersion: 103.0.1264.37, javascriptEnabled: true, ms:edgeOptions: {debuggerAddress: localhost:51242}, msedge: {msedgedriverVersion: 103.0.1264.37 (e3a6d3b5b3c3..., userDataDir: C:\Users\AMIT123\AppData\Lo...}, networkConnectionEnabled: false, pageLoadStrategy: normal, platform: WINDOWS, platformName: WINDOWS, proxy: Proxy(), se:cdp: ws://localhost:51242/devtoo..., se:cdpVersion: 103.0.1264.37, setWindowRect: true, strictFileInteractability: false, timeouts: {implicit: 0, pageLoad: 300000, script: 30000}, unhandledPromptBehavior: dismiss and notify, webauthn:extension:credBlob: true, webauthn:extension:largeBlob: true, webauthn:virtualAuthenticators: true}
Element: [[EdgeDriver: msedge on WINDOWS (7a9fecbdea8a687c415ed6dbe5e5fdbd)] -> xpath: //input[@name='submit']]
Session ID: 7a9fecbdea8a687c415ed6dbe5e5fdbd
at org.openqa.selenium.remote.codec.w3c.W3CHttpResponseCodec.createException(W3CHttpResponseCodec.java:200)
at org.openqa.selenium.remote.codec.w3c.W3CHttpResponseCodec.decode(W3CHttpResponseCodec.java:133)
at org.openqa.selenium.remote.codec.w3c.W3CHttpResponseCodec.decode(W3CHttpResponseCodec.java:53)
at org.openqa.selenium.remote.HttpCommandExecutor.execute(HttpCommandExecutor.java:184)
at org.openqa.selenium.remote.service.DriverCommandExecutor.invokeExecute(DriverCommandExecutor.java:167)
at org.openqa.selenium.remote.service.DriverCommandExecutor.execute(DriverCommandExecutor.java:142)
at org.openqa.selenium.remote.RemoteWebDriver.execute(RemoteWebDriver.java:567)
at org.openqa.selenium.remote.RemoteWebElement.execute(RemoteWebElement.java:251)
at org.openqa.selenium.remote.RemoteWebElement.click(RemoteWebElement.java:77)
at org.openqa.selenium.support.pagefactory.internal.LocatingElementHandler.invoke(LocatingElementHandler.java:52)
at jdk.proxy2/jdk.proxy2.$Proxy12.click(Unknown Source)
at pageObject.PayBilling.clickSubmit(PayBilling.java:38)
at testCases.TC_PayBilling_004.PayBillingStatus(TC_PayBilling_004.java:22)
at java.base/java.util.ArrayList.forEach(ArrayList.java:1511)
... Removed 30 stack frames]]>
    </failure>
  </testcase> <!-- PayBillingStatus -->
</testsuite> <!-- Edge Browser Test -->
