<?xml version="1.0" encoding="UTF-8"?>
<!-- Generated by org.testng.reporters.JUnitXMLReporter -->
<testsuite ignored="0" hostname="AMIT" failures="1" tests="1" name="Test" time="16.293" errors="0" timestamp="2022-06-28T20:10:57 IST">
  <testcase classname="testCases.TC_AddCustomer_001" name="addNewCustomer" time="5.393">
    <failure type="java.lang.AssertionError" message="expected [true] but found [false]">
      <![CDATA[java.lang.AssertionError: expected [true] but found [false]
at testCases.TC_AddCustomer_001.addNewCustomer(TC_AddCustomer_001.java:49)
at java.base/java.util.ArrayList.forEach(ArrayList.java:1511)
... Removed 29 stack frames]]>
    </failure>
  </testcase> <!-- addNewCustomer -->
</testsuite> <!-- Test -->
