<?xml version="1.0" encoding="UTF-8"?>
<testsuite name="TestSuite" time="34.629" tests="4" errors="0" skipped="0" failures="1">
  <properties>
[...]
</properties>
  <testcase name="addNewCustomer" classname="testCases.TC_AddCustomer_001" time="5.635">
    <failure message="unknown error: unexpected command response&#10;  (Session info: chrome=103.0.5060.53)&#10;Build info: version: &apos;4.1.3&apos;, revision: &apos;7b1ebf28ef&apos;&#10;System info: host: &apos;AMIT&apos;, ip: &apos;192.168.0.102&apos;, os.name: &apos;Windows 11&apos;, os.arch: &apos;amd64&apos;, os.version: &apos;10.0&apos;, java.version: &apos;11.0.15.1&apos;&#10;Driver info: org.openqa.selenium.chrome.ChromeDriver&#10;Command: [cdafc89507b2d606b743461c36d4581c, clickElement {id=39bb5137-8a34-490c-bd80-d6e23dfa24ad}]&#10;Capabilities {acceptInsecureCerts: false, browserName: chrome, browserVersion: 103.0.5060.53, chrome: {chromedriverVersion: 103.0.5060.53 (a1711811edd7..., userDataDir: C:\Users\AMIT123\AppData\Lo...}, goog:chromeOptions: {debuggerAddress: localhost:57457}, javascriptEnabled: true, networkConnectionEnabled: false, pageLoadStrategy: normal, platform: WINDOWS, platformName: WINDOWS, proxy: Proxy(), se:cdp: ws://localhost:57457/devtoo..., se:cdpVersion: 103.0.5060.53, setWindowRect: true, strictFileInteractability: false, timeouts: {implicit: 0, pageLoad: 300000, script: 30000}, unhandledPromptBehavior: dismiss and notify, webauthn:extension:credBlob: true, webauthn:extension:largeBlob: true, webauthn:virtualAuthenticators: true}&#10;Element: [[ChromeDriver: chrome on WINDOWS (cdafc89507b2d606b743461c36d4581c)] -&gt; name: submit]&#10;Session ID: cdafc89507b2d606b743461c36d4581c" type="org.openqa.selenium.WebDriverException">org.openqa.selenium.WebDriverException: unknown error: unexpected command response
  (Session info: chrome=103.0.5060.53)
Build info: version: '4.1.3', revision: '7b1ebf28ef'
System info: host: 'AMIT', ip: '192.168.0.102', os.name: 'Windows 11', os.arch: 'amd64', os.version: '10.0', java.version: '11.0.15.1'
Driver info: org.openqa.selenium.chrome.ChromeDriver
Command: [cdafc89507b2d606b743461c36d4581c, clickElement {id=39bb5137-8a34-490c-bd80-d6e23dfa24ad}]
Capabilities {acceptInsecureCerts: false, browserName: chrome, browserVersion: 103.0.5060.53, chrome: {chromedriverVersion: 103.0.5060.53 (a1711811edd7..., userDataDir: C:\Users\AMIT123\AppData\Lo...}, goog:chromeOptions: {debuggerAddress: localhost:57457}, javascriptEnabled: true, networkConnectionEnabled: false, pageLoadStrategy: normal, platform: WINDOWS, platformName: WINDOWS, proxy: Proxy(), se:cdp: ws://localhost:57457/devtoo..., se:cdpVersion: 103.0.5060.53, setWindowRect: true, strictFileInteractability: false, timeouts: {implicit: 0, pageLoad: 300000, script: 30000}, unhandledPromptBehavior: dismiss and notify, webauthn:extension:credBlob: true, webauthn:extension:largeBlob: true, webauthn:virtualAuthenticators: true}
Element: [[ChromeDriver: chrome on WINDOWS (cdafc89507b2d606b743461c36d4581c)] -> name: submit]
Session ID: cdafc89507b2d606b743461c36d4581c
	at java.base/jdk.internal.reflect.NativeConstructorAccessorImpl.newInstance0(Native Method)
	at java.base/jdk.internal.reflect.NativeConstructorAccessorImpl.newInstance(NativeConstructorAccessorImpl.java:62)
	at java.base/jdk.internal.reflect.DelegatingConstructorAccessorImpl.newInstance(DelegatingConstructorAccessorImpl.java:45)
	at java.base/java.lang.reflect.Constructor.newInstance(Constructor.java:490)
	at org.openqa.selenium.remote.codec.w3c.W3CHttpResponseCodec.createException(W3CHttpResponseCodec.java:200)
	at org.openqa.selenium.remote.codec.w3c.W3CHttpResponseCodec.decode(W3CHttpResponseCodec.java:133)
	at org.openqa.selenium.remote.codec.w3c.W3CHttpResponseCodec.decode(W3CHttpResponseCodec.java:53)
	at org.openqa.selenium.remote.HttpCommandExecutor.execute(HttpCommandExecutor.java:184)
	at org.openqa.selenium.remote.service.DriverCommandExecutor.invokeExecute(DriverCommandExecutor.java:167)
	at org.openqa.selenium.remote.service.DriverCommandExecutor.execute(DriverCommandExecutor.java:142)
	at org.openqa.selenium.remote.RemoteWebDriver.execute(RemoteWebDriver.java:567)
	at org.openqa.selenium.remote.RemoteWebElement.execute(RemoteWebElement.java:251)
	at org.openqa.selenium.remote.RemoteWebElement.click(RemoteWebElement.java:77)
	at java.base/jdk.internal.reflect.NativeMethodAccessorImpl.invoke0(Native Method)
	at java.base/jdk.internal.reflect.NativeMethodAccessorImpl.invoke(NativeMethodAccessorImpl.java:62)
	at java.base/jdk.internal.reflect.DelegatingMethodAccessorImpl.invoke(DelegatingMethodAccessorImpl.java:43)
	at java.base/java.lang.reflect.Method.invoke(Method.java:566)
	at org.openqa.selenium.support.pagefactory.internal.LocatingElementHandler.invoke(LocatingElementHandler.java:52)
	at com.sun.proxy.$Proxy9.click(Unknown Source)
	at pageObject.AddCustomerPage.clickOnSubmit(AddCustomerPage.java:85)
	at testCases.TC_AddCustomer_001.addNewCustomer(TC_AddCustomer_001.java:38)
</failure>
    <system-out><![CDATA[ INFO [main] (TC_AddCustomer_001.java:26)- Click on Add Customer Link
 INFO [main] (TC_AddCustomer_001.java:29)- Providing the customer details
Screenshot of Failed testcase is taken
]]></system-out>
    <system-err><![CDATA[SLF4J: Failed to load class "org.slf4j.impl.StaticLoggerBinder".
SLF4J: Defaulting to no-operation (NOP) logger implementation
SLF4J: See http://www.slf4j.org/codes.html#StaticLoggerBinder for further details.
Starting ChromeDriver 103.0.5060.53 (a1711811edd74ff1cf2150f36ffa3b0dae40b17f-refs/branch-heads/5060@{#853}) on port 59441
Only local connections are allowed.
Please see https://chromedriver.chromium.org/security-considerations for suggestions on keeping ChromeDriver safe.
ChromeDriver was started successfully.
Jun 28, 2022 8:05:19 PM org.openqa.selenium.remote.ProtocolHandshake createSession
INFO: Detected dialect: W3C
Jun 28, 2022 8:05:19 PM org.openqa.selenium.devtools.CdpVersionFinder findNearestMatch
WARNING: Unable to find an exact match for CDP version 103, so returning the closest version found: 99
Jun 28, 2022 8:05:19 PM org.openqa.selenium.devtools.CdpVersionFinder findNearestMatch
INFO: Found CDP implementation for version 103 of 99
]]></system-err>
  </testcase>
  <testcase name="addTariffPlanInfo" classname="testCases.TC_AddTariffPlan_002" time="8.622"/>
  <testcase name="addTariffPlantoCustomer" classname="testCases.TC_AddTariffPlantoCustomer_003" time="12.579"/>
  <testcase name="PayBillingStatus" classname="testCases.TC_PayBilling_004" time="7.793"/>
</testsuite>